<?xml version="1.0" encoding="UTF-8"?>
<testng-results ignored="0" total="1" passed="1" failed="0" skipped="0">
  <reporter-output>
  </reporter-output>
  <suite started-at="2022-09-19T13:26:30 IST" name="Default suite" finished-at="2022-09-19T13:27:06 IST" duration-ms="36093">
    <groups>
    </groups>
    <test started-at="2022-09-19T13:26:30 IST" name="Default test" finished-at="2022-09-19T13:27:06 IST" duration-ms="36093">
      <class name="com.Testng_sinpleannotation.Simpleannotations">
        <test-method is-config="true" signature="setPropertyForDriver()[pri:0, instance:com.Testng_sinpleannotation.Simpleannotations@3d5c822d]" started-at="2022-09-19T13:26:30 IST" name="setPropertyForDriver" finished-at="2022-09-19T13:26:30 IST" duration-ms="51" status="PASS">
          <reporter-output>
          </reporter-output>
        </test-method> <!-- setPropertyForDriver -->
        <test-method is-config="true" signature="LaunchBrowser()[pri:0, instance:com.Testng_sinpleannotation.Simpleannotations@3d5c822d]" started-at="2022-09-19T13:26:30 IST" name="LaunchBrowser" finished-at="2022-09-19T13:26:32 IST" duration-ms="2061" status="PASS">
          <reporter-output>
          </reporter-output>
        </test-method> <!-- LaunchBrowser -->
        <test-method is-config="true" signature="LaunchUrl()[pri:0, instance:com.Testng_sinpleannotation.Simpleannotations@3d5c822d]" started-at="2022-09-19T13:26:32 IST" name="LaunchUrl" finished-at="2022-09-19T13:26:46 IST" duration-ms="14021" status="PASS">
          <reporter-output>
          </reporter-output>
        </test-method> <!-- LaunchUrl -->
        <test-method is-config="true" signature="appLogin()[pri:0, instance:com.Testng_sinpleannotation.Simpleannotations@3d5c822d]" started-at="2022-09-19T13:26:46 IST" name="appLogin" finished-at="2022-09-19T13:26:49 IST" duration-ms="3488" status="PASS">
          <reporter-output>
          </reporter-output>
        </test-method> <!-- appLogin -->
        <test-method signature="hotelSearch()[pri:0, instance:com.Testng_sinpleannotation.Simpleannotations@3d5c822d]" started-at="2022-09-19T13:26:49 IST" name="hotelSearch" finished-at="2022-09-19T13:27:05 IST" duration-ms="15254" status="PASS">
          <reporter-output>
          </reporter-output>
        </test-method> <!-- hotelSearch -->
        <test-method is-config="true" signature="logout()[pri:0, instance:com.Testng_sinpleannotation.Simpleannotations@3d5c822d]" started-at="2022-09-19T13:27:05 IST" name="logout" finished-at="2022-09-19T13:27:05 IST" duration-ms="536" status="PASS">
          <reporter-output>
          </reporter-output>
        </test-method> <!-- logout -->
        <test-method is-config="true" signature="homePage()[pri:0, instance:com.Testng_sinpleannotation.Simpleannotations@3d5c822d]" started-at="2022-09-19T13:27:05 IST" name="homePage" finished-at="2022-09-19T13:27:06 IST" duration-ms="518" status="PASS">
          <reporter-output>
          </reporter-output>
        </test-method> <!-- homePage -->
        <test-method is-config="true" signature="close()[pri:0, instance:com.Testng_sinpleannotation.Simpleannotations@3d5c822d]" started-at="2022-09-19T13:27:06 IST" name="close" finished-at="2022-09-19T13:27:06 IST" duration-ms="152" status="PASS">
          <reporter-output>
          </reporter-output>
        </test-method> <!-- close -->
      </class> <!-- com.Testng_sinpleannotation.Simpleannotations -->
    </test> <!-- Default test -->
  </suite> <!-- Default suite -->
</testng-results>
